BEGIN;
BEGIN
EXPLAIN (ANALYZE, BUFFERS)
select
	c_custkey,
	c_name,
	sum(l_extendedprice * (1 - l_discount)) as revenue,
	c_acctbal,
	n_name,
	c_address,
	c_phone,
	c_comment
from
	customer,
	orders,
	lineitem,
	nation
where
	c_custkey = o_custkey
	and l_orderkey = o_orderkey
	and o_orderdate >= date '1994-02-01'
	and o_orderdate < cast(date '1994-02-01' + interval '3 month' as date)
	and l_returnflag = 'R'
	and c_nationkey = n_nationkey
group by
	c_custkey,
	c_name,
	c_acctbal,
	c_phone,
	n_name,
	c_address,
	c_comment
order by
	revenue desc
LIMIT 20;
                                                                                               QUERY PLAN                                                                                                
---------------------------------------------------------------------------------------------------------------------------------------------------------------------------------------------------------
 Limit  (cost=2271006.40..2271006.45 rows=20 width=175) (actual time=34299.654..34299.660 rows=20 loops=1)
   Buffers: shared hit=758522 read=596766
   ->  Sort  (cost=2271006.40..2272374.01 rows=547045 width=175) (actual time=34299.651..34299.654 rows=20 loops=1)
         Sort Key: (sum((lineitem.l_extendedprice * (1::double precision - lineitem.l_discount))))
         Sort Method: top-N heapsort  Memory: 30kB
         Buffers: shared hit=758522 read=596766
         ->  HashAggregate  (cost=2250979.28..2256449.73 rows=547045 width=175) (actual time=33977.592..34163.958 rows=372215 loops=1)
               Group Key: customer.c_custkey, customer.c_name, customer.c_acctbal, customer.c_phone, nation.n_name, customer.c_address, customer.c_comment
               Buffers: shared hit=758519 read=596766
               ->  Hash Join  (cost=343530.81..2237303.15 rows=547045 width=175) (actual time=11216.647..32217.630 rows=1110626 loops=1)
                     Hash Cond: (customer.c_nationkey = nation.n_nationkey)
                     Buffers: shared hit=758519 read=596766
                     ->  Hash Join  (cost=343529.25..2229779.72 rows=547045 width=153) (actual time=11216.619..31835.268 rows=1110626 loops=1)
                           Hash Cond: (orders.o_custkey = customer.c_custkey)
                           Buffers: shared hit=758518 read=596766
                           ->  Hash Join  (cost=274501.25..2152546.05 rows=547045 width=12) (actual time=9597.379..29510.423 rows=1110626 loops=1)
                                 Hash Cond: (lineitem.l_orderkey = orders.o_orderkey)
                                 Buffers: shared hit=758516 read=561490
                                 ->  Seq Scan on lineitem  (cost=0.00..1817043.40 rows=14808253 width=12) (actual time=0.010..16861.024 rows=14822992 loops=1)
                                       Filter: (l_returnflag = 'R'::bpchar)
                                       Rows Removed by Filter: 45222677
                                       Buffers: shared hit=758512 read=307961
                                 ->  Hash  (cost=267567.72..267567.72 rows=554682 width=8) (actual time=9593.856..9593.856 rows=554821 loops=1)
                                       Buckets: 1048576  Batches: 1  Memory Usage: 29865kB
                                       Buffers: shared hit=4 read=253529
                                       ->  Bitmap Heap Scan on orders  (cost=5725.49..267567.72 rows=554682 width=8) (actual time=27.713..9320.524 rows=554821 loops=1)
                                             Recheck Cond: ((o_orderdate >= '1994-02-01'::date) AND (o_orderdate < '1994-05-01'::date))
                                             Rows Removed by Index Recheck: 14460179
                                             Heap Blocks: lossy=253522
                                             Buffers: shared hit=4 read=253529
                                             ->  Bitmap Index Scan on orders_o_orderdate_o_orderkey_brin_idx  (cost=0.00..5586.82 rows=554682 width=0) (actual time=27.463..27.463 rows=2535680 loops=1)
                                                   Index Cond: ((o_orderdate >= '1994-02-01'::date) AND (o_orderdate < '1994-05-01'::date))
                                                   Buffers: shared hit=2 read=9
                           ->  Hash  (cost=50278.00..50278.00 rows=1500000 width=145) (actual time=1613.201..1613.201 rows=1500000 loops=1)
                                 Buckets: 2097152  Batches: 1  Memory Usage: 281501kB
                                 Buffers: shared hit=2 read=35276
                                 ->  Seq Scan on customer  (cost=0.00..50278.00 rows=1500000 width=145) (actual time=0.003..825.837 rows=1500000 loops=1)
                                       Buffers: shared hit=2 read=35276
                     ->  Hash  (cost=1.25..1.25 rows=25 width=30) (actual time=0.019..0.019 rows=25 loops=1)
                           Buckets: 1024  Batches: 1  Memory Usage: 10kB
                           Buffers: shared hit=1
                           ->  Seq Scan on nation  (cost=0.00..1.25 rows=25 width=30) (actual time=0.004..0.006 rows=25 loops=1)
                                 Buffers: shared hit=1
 Planning time: 4.426 ms
 Execution time: 34307.673 ms
(45 rows)

COMMIT;
COMMIT
