BEGIN;
BEGIN
EXPLAIN (ANALYZE, BUFFERS)
select
	l_shipmode,
	sum(case
		when o_orderpriority = '1-URGENT'
			or o_orderpriority = '2-HIGH'
			then 1
		else 0
	end) as high_line_count,
	sum(case
		when o_orderpriority <> '1-URGENT'
			and o_orderpriority <> '2-HIGH'
			then 1
		else 0
	end) as low_line_count
from
	orders,
	lineitem
where
	o_orderkey = l_orderkey
	and l_shipmode in ('TRUCK', 'RAIL')
	and l_commitdate < l_receiptdate
	and l_shipdate < l_commitdate
	and l_receiptdate >= date '1993-01-01'
	and l_receiptdate < date '1993-01-01' + interval '1 year'
group by
	l_shipmode
order by
	l_shipmode;
                                                                                                                            QUERY PLAN                                                                                                                             
-------------------------------------------------------------------------------------------------------------------------------------------------------------------------------------------------------------------------------------------------------------------
 Sort  (cost=3029156.50..3029156.50 rows=1 width=27) (actual time=32150.251..32150.252 rows=2 loops=1)
   Sort Key: lineitem.l_shipmode
   Sort Method: quicksort  Memory: 25kB
   Buffers: shared hit=1068619 read=254022
   ->  HashAggregate  (cost=3029156.48..3029156.49 rows=1 width=27) (actual time=32150.168..32150.169 rows=2 loops=1)
         Group Key: lineitem.l_shipmode
         Buffers: shared hit=1068614 read=254022
         ->  Hash Join  (cost=592539.42..3024028.71 rows=293015 width=27) (actual time=10049.903..31883.139 rows=312522 loops=1)
               Hash Cond: (lineitem.l_orderkey = orders.o_orderkey)
               Buffers: shared hit=1068614 read=254022
               ->  Seq Scan on lineitem  (cost=0.00..2422332.58 rows=293015 width=15) (actual time=0.118..21577.874 rows=312522 loops=1)
                     Filter: ((l_shipmode = ANY ('{TRUCK,RAIL}'::bpchar[])) AND (l_commitdate < l_receiptdate) AND (l_shipdate < l_commitdate) AND (l_receiptdate >= '1993-01-01'::date) AND (l_receiptdate < '1994-01-01 00:00:00'::timestamp without time zone))
                     Rows Removed by Filter: 59673131
                     Buffers: shared hit=1068604 read=1
               ->  Hash  (cost=404477.52..404477.52 rows=15044952 width=20) (actual time=10004.851..10004.851 rows=15000000 loops=1)
                     Buckets: 16777216  Batches: 1  Memory Usage: 892791kB
                     Buffers: shared hit=7 read=254021
                     ->  Seq Scan on orders  (cost=0.00..404477.52 rows=15044952 width=20) (actual time=0.004..5475.751 rows=15000000 loops=1)
                           Buffers: shared hit=7 read=254021
 Planning time: 4.848 ms
 Execution time: 32156.250 ms
(21 rows)

COMMIT;
COMMIT
