BEGIN;
BEGIN
EXPLAIN (ANALYZE, BUFFERS)
select
	s_name,
	count(*) as numwait
from
	supplier,
	lineitem l1,
	orders,
	nation
where
	s_suppkey = l1.l_suppkey
	and o_orderkey = l1.l_orderkey
	and o_orderstatus = 'F'
	and l1.l_receiptdate > l1.l_commitdate
	and exists (
		select
			*
		from
			lineitem l2
		where
			l2.l_orderkey = l1.l_orderkey
			and l2.l_suppkey <> l1.l_suppkey
	)
	and not exists (
		select
			*
		from
			lineitem l3
		where
			l3.l_orderkey = l1.l_orderkey
			and l3.l_suppkey <> l1.l_suppkey
			and l3.l_receiptdate > l3.l_commitdate
	)
	and s_nationkey = n_nationkey
	and n_name = 'MOZAMBIQUE'
group by
	s_name
order by
	numwait desc,
	s_name
LIMIT 100;
                                                                                                  QUERY PLAN                                                                                                  
--------------------------------------------------------------------------------------------------------------------------------------------------------------------------------------------------------------
 Limit  (cost=2844761.51..2844761.52 rows=1 width=26) (actual time=39672.953..39672.969 rows=100 loops=1)
   Buffers: shared hit=13613728 read=499768 dirtied=1075 written=10527
   ->  Sort  (cost=2844761.51..2844761.52 rows=1 width=26) (actual time=39672.951..39672.958 rows=100 loops=1)
         Sort Key: (count(*)), supplier.s_name
         Sort Method: top-N heapsort  Memory: 32kB
         Buffers: shared hit=13613728 read=499768 dirtied=1075 written=10527
         ->  HashAggregate  (cost=2844761.49..2844761.50 rows=1 width=26) (actual time=39670.685..39671.826 rows=3924 loops=1)
               Group Key: supplier.s_name
               Buffers: shared hit=13613720 read=499768 dirtied=1075 written=10527
               ->  Nested Loop Anti Join  (cost=2406.88..2844761.49 rows=1 width=26) (actual time=46.609..39616.165 rows=38537 loops=1)
                     Buffers: shared hit=13613720 read=499768 dirtied=1075 written=10527
                     ->  Nested Loop Semi Join  (cost=2406.31..2844759.71 rows=1 width=34) (actual time=46.576..36790.438 rows=692770 loops=1)
                           Join Filter: (orders.o_orderkey = l2.l_orderkey)
                           Buffers: shared hit=10136506 read=498460 dirtied=1075 written=10490
                           ->  Nested Loop  (cost=2405.75..2323953.65 rows=389806 width=38) (actual time=46.560..31622.327 rows=718906 loops=1)
                                 Buffers: shared hit=6697906 read=337068 dirtied=1075 written=6631
                                 ->  Hash Join  (cost=2405.31..1902511.84 rows=800608 width=34) (actual time=46.539..21998.768 rows=1489515 loops=1)
                                       Hash Cond: (l1.l_suppkey = supplier.s_suppkey)
                                       Buffers: shared hit=1025337 read=43321 dirtied=1073
                                       ->  Seq Scan on lineitem l1  (cost=0.00..1817043.40 rows=20015211 width=8) (actual time=0.005..16064.450 rows=37928797 loops=1)
                                             Filter: (l_receiptdate > l_commitdate)
                                             Rows Removed by Filter: 22056532
                                             Buffers: shared hit=1025331 read=41142 dirtied=1073
                                       ->  Hash  (cost=2355.31..2355.31 rows=4000 width=30) (actual time=46.458..46.458 rows=3924 loops=1)
                                             Buckets: 4096  Batches: 1  Memory Usage: 278kB
                                             Buffers: shared hit=3 read=2179
                                             ->  Nested Loop  (cost=43.00..2355.31 rows=4000 width=30) (actual time=0.289..45.029 rows=3924 loops=1)
                                                   Buffers: shared hit=3 read=2179
                                                   ->  Seq Scan on nation  (cost=0.00..1.31 rows=1 width=4) (actual time=0.006..0.010 rows=1 loops=1)
                                                         Filter: (n_name = 'MOZAMBIQUE'::bpchar)
                                                         Rows Removed by Filter: 24
                                                         Buffers: shared hit=1
                                                   ->  Bitmap Heap Scan on supplier  (cost=43.00..2314.00 rows=4000 width=34) (actual time=0.276..44.159 rows=3924 loops=1)
                                                         Recheck Cond: (s_nationkey = nation.n_nationkey)
                                                         Rows Removed by Index Recheck: 96076
                                                         Heap Blocks: lossy=2179
                                                         Buffers: shared hit=2 read=2179
                                                         ->  Bitmap Index Scan on supplier_s_nationkey_s_suppkey_brin_idx  (cost=0.00..42.00 rows=4000 width=0) (actual time=0.253..0.253 rows=23040 loops=1)
                                                               Index Cond: (s_nationkey = nation.n_nationkey)
                                                               Buffers: shared read=2
                                 ->  Index Scan using pk_orders on orders  (cost=0.43..0.52 rows=1 width=4) (actual time=0.006..0.006 rows=0 loops=1489515)
                                       Index Cond: (o_orderkey = l1.l_orderkey)
                                       Filter: (o_orderstatus = 'F'::bpchar)
                                       Rows Removed by Filter: 1
                                       Buffers: shared hit=5672569 read=293747 dirtied=2 written=6631
                           ->  Index Scan using pk_lineitem on lineitem l2  (cost=0.56..1.15 rows=15 width=8) (actual time=0.006..0.006 rows=1 loops=718906)
                                 Index Cond: (l_orderkey = l1.l_orderkey)
                                 Filter: (l_suppkey <> l1.l_suppkey)
                                 Rows Removed by Filter: 0
                                 Buffers: shared hit=3438600 read=161392 written=3859
                     ->  Index Scan using pk_lineitem on lineitem l3  (cost=0.56..1.15 rows=5 width=8) (actual time=0.004..0.004 rows=1 loops=692770)
                           Index Cond: (l_orderkey = l1.l_orderkey)
                           Filter: ((l_receiptdate > l_commitdate) AND (l_suppkey <> l1.l_suppkey))
                           Rows Removed by Filter: 1
                           Buffers: shared hit=3477214 read=1308 written=37
 Planning time: 8.126 ms
 Execution time: 39673.270 ms
(57 rows)

COMMIT;
COMMIT
