BEGIN;
BEGIN
EXPLAIN (ANALYZE, BUFFERS)
select
	c_custkey,
	c_name,
	sum(l_extendedprice * (1 - l_discount)) as revenue,
	c_acctbal,
	n_name,
	c_address,
	c_phone,
	c_comment
from
	customer,
	orders,
	lineitem,
	nation
where
	c_custkey = o_custkey
	and l_orderkey = o_orderkey
	and o_orderdate >= date '1993-08-01'
	and o_orderdate < cast(date '1993-08-01' + interval '3 month' as date)
	and l_returnflag = 'R'
	and c_nationkey = n_nationkey
group by
	c_custkey,
	c_name,
	c_acctbal,
	c_phone,
	n_name,
	c_address,
	c_comment
order by
	revenue desc
LIMIT 20;
                                                                                               QUERY PLAN                                                                                                
---------------------------------------------------------------------------------------------------------------------------------------------------------------------------------------------------------
 Limit  (cost=2277118.96..2277119.01 rows=20 width=175) (actual time=33160.989..33160.996 rows=20 loops=1)
   Buffers: shared hit=682581 read=675345 dirtied=1569 written=915
   ->  Sort  (cost=2277118.96..2278520.17 rows=560484 width=175) (actual time=33160.987..33160.988 rows=20 loops=1)
         Sort Key: (sum((lineitem.l_extendedprice * (1::double precision - lineitem.l_discount))))
         Sort Method: top-N heapsort  Memory: 30kB
         Buffers: shared hit=682581 read=675345 dirtied=1569 written=915
         ->  HashAggregate  (cost=2256599.85..2262204.69 rows=560484 width=175) (actual time=32834.541..33022.172 rows=381871 loops=1)
               Group Key: customer.c_custkey, customer.c_name, customer.c_acctbal, customer.c_phone, nation.n_name, customer.c_address, customer.c_comment
               Buffers: shared hit=682578 read=675345 dirtied=1569 written=915
               ->  Hash Join  (cost=344551.15..2242587.75 rows=560484 width=175) (actual time=9340.108..30993.070 rows=1147416 loops=1)
                     Hash Cond: (customer.c_nationkey = nation.n_nationkey)
                     Buffers: shared hit=682578 read=675345 dirtied=1569 written=915
                     ->  Hash Join  (cost=344549.59..2234879.53 rows=560484 width=153) (actual time=9340.079..30588.096 rows=1147416 loops=1)
                           Hash Cond: (orders.o_custkey = customer.c_custkey)
                           Buffers: shared hit=682577 read=675345 dirtied=1569 written=915
                           ->  Hash Join  (cost=275521.59..2157444.27 rows=560484 width=12) (actual time=7767.599..28311.449 rows=1147416 loops=1)
                                 Hash Cond: (lineitem.l_orderkey = orders.o_orderkey)
                                 Buffers: shared hit=682575 read=640069 dirtied=1569 written=915
                                 ->  Seq Scan on lineitem  (cost=0.00..1820675.88 rows=14837857 width=12) (actual time=0.018..17492.313 rows=14823192 loops=1)
                                       Filter: (l_returnflag = 'R'::bpchar)
                                       Rows Removed by Filter: 45222187
                                       Buffers: shared hit=622803 read=445802 dirtied=1061 written=915
                                 ->  Hash  (cost=268417.75..268417.75 rows=568307 width=8) (actual time=7764.235..7764.235 rows=574317 loops=1)
                                       Buckets: 1048576  Batches: 1  Memory Usage: 30627kB
                                       Buffers: shared hit=59772 read=194267 dirtied=508
                                       ->  Bitmap Heap Scan on orders  (cost=5865.15..268417.75 rows=568307 width=8) (actual time=27.425..7521.450 rows=574317 loops=1)
                                             Recheck Cond: ((o_orderdate >= '1993-08-01'::date) AND (o_orderdate < '1993-11-01'::date))
                                             Rows Removed by Index Recheck: 14440683
                                             Heap Blocks: lossy=254028
                                             Buffers: shared hit=59772 read=194267 dirtied=508
                                             ->  Bitmap Index Scan on orders_o_orderdate_o_orderkey_brin_idx  (cost=0.00..5723.07 rows=568307 width=0) (actual time=27.252..27.252 rows=2540800 loops=1)
                                                   Index Cond: ((o_orderdate >= '1993-08-01'::date) AND (o_orderdate < '1993-11-01'::date))
                                                   Buffers: shared hit=3 read=8
                           ->  Hash  (cost=50278.00..50278.00 rows=1500000 width=145) (actual time=1566.428..1566.428 rows=1500000 loops=1)
                                 Buckets: 2097152  Batches: 1  Memory Usage: 281501kB
                                 Buffers: shared hit=2 read=35276
                                 ->  Seq Scan on customer  (cost=0.00..50278.00 rows=1500000 width=145) (actual time=0.003..777.532 rows=1500000 loops=1)
                                       Buffers: shared hit=2 read=35276
                     ->  Hash  (cost=1.25..1.25 rows=25 width=30) (actual time=0.021..0.021 rows=25 loops=1)
                           Buckets: 1024  Batches: 1  Memory Usage: 10kB
                           Buffers: shared hit=1
                           ->  Seq Scan on nation  (cost=0.00..1.25 rows=25 width=30) (actual time=0.005..0.011 rows=25 loops=1)
                                 Buffers: shared hit=1
 Planning time: 4.228 ms
 Execution time: 33169.372 ms
(45 rows)

COMMIT;
COMMIT
