BEGIN;
BEGIN
EXPLAIN (ANALYZE, BUFFERS)
select
	sum(l_extendedprice* (1 - l_discount)) as revenue
from
	lineitem,
	part
where
	(
		p_partkey = l_partkey
		and p_brand = 'Brand#15'
		and p_container in ('SM CASE', 'SM BOX', 'SM PACK', 'SM PKG')
		and l_quantity >= 1 and l_quantity <= 1+10
		and p_size between 1 and 5
		and l_shipmode in ('AIR', 'AIR REG')
		and l_shipinstruct = 'DELIVER IN PERSON'
	)
	or
	(
		p_partkey = l_partkey
		and p_brand = 'Brand#22'
		and p_container in ('MED BAG', 'MED BOX', 'MED PKG', 'MED PACK')
		and l_quantity >= 13 and l_quantity <= 13+10
		and p_size between 1 and 10
		and l_shipmode in ('AIR', 'AIR REG')
		and l_shipinstruct = 'DELIVER IN PERSON'
	)
	or
	(
		p_partkey = l_partkey
		and p_brand = 'Brand#54'
		and p_container in ('LG CASE', 'LG BOX', 'LG PACK', 'LG PKG')
		and l_quantity >= 22 and l_quantity <= 22+10
		and p_size between 1 and 15
		and l_shipmode in ('AIR', 'AIR REG')
		and l_shipinstruct = 'DELIVER IN PERSON'
	);
                                                                                                                                                                                                                                                                                                                                                                                                                                                                                                                                                  QUERY PLAN                                                                                                                                                                                                                                                                                                                                                                                                                                                                                                                                                  
--------------------------------------------------------------------------------------------------------------------------------------------------------------------------------------------------------------------------------------------------------------------------------------------------------------------------------------------------------------------------------------------------------------------------------------------------------------------------------------------------------------------------------------------------------------------------------------------------------------------------------------------------------------------------------------------------------------------------------------------------------------------------------------------------------------------------------------------------------------------------------------------------------------------------------------------------------------------------------------------------------------------------------------------------------------------------------------------------------------
 Aggregate  (cost=614959.03..614959.04 rows=1 width=8) (actual time=2138.948..2138.948 rows=1 loops=1)
   Buffers: shared hit=128192 read=52838 dirtied=127 written=1420
   ->  Nested Loop  (cost=12827.31..614950.60 rows=1124 width=8) (actual time=34.062..2138.066 rows=1125 loops=1)
         Buffers: shared hit=128192 read=52838 dirtied=127 written=1420
         ->  Bitmap Heap Scan on part  (cost=12822.57..26602.64 rows=4795 width=30) (actual time=31.254..117.398 rows=4761 loops=1)
               Recheck Cond: (((p_container = ANY ('{"SM CASE","SM BOX","SM PACK","SM PKG"}'::bpchar[])) AND (p_brand = 'Brand#15'::bpchar) AND (p_size <= 5) AND (p_size >= 1)) OR ((p_container = ANY ('{"MED BAG","MED BOX","MED PKG","MED PACK"}'::bpchar[])) AND (p_brand = 'Brand#22'::bpchar) AND (p_size <= 10) AND (p_size >= 1)) OR ((p_container = ANY ('{"LG CASE","LG BOX","LG PACK","LG PKG"}'::bpchar[])) AND (p_brand = 'Brand#54'::bpchar) AND (p_size <= 15) AND (p_size >= 1)))
               Rows Removed by Index Recheck: 19348
               Heap Blocks: exact=18215
               Buffers: shared hit=18233 read=169
               ->  BitmapOr  (cost=12822.57..12822.57 rows=4798 width=0) (actual time=27.504..27.504 rows=0 loops=1)
                     Buffers: shared hit=18 read=169
                     ->  BitmapAnd  (cost=2285.35..2285.35 rows=788 width=0) (actual time=8.255..8.255 rows=0 loops=1)
                           Buffers: shared hit=5 read=57
                           ->  Bitmap Index Scan on part_p_container_p_brand_p_partkey_idx  (cost=0.00..289.23 rows=7951 width=0) (actual time=3.519..3.519 rows=8004 loops=1)
                                 Index Cond: ((p_container = ANY ('{"SM CASE","SM BOX","SM PACK","SM PKG"}'::bpchar[])) AND (p_brand = 'Brand#15'::bpchar))
                                 Buffers: shared hit=3 read=57
                           ->  Bitmap Index Scan on part_p_size_brin_idx  (cost=0.00..1993.47 rows=198147 width=0) (actual time=4.171..4.171 rows=405760 loops=1)
                                 Index Cond: ((p_size <= 5) AND (p_size >= 1))
                                 Buffers: shared hit=2
                     ->  BitmapAnd  (cost=4271.11..4271.11 rows=1569 width=0) (actual time=8.208..8.208 rows=0 loops=1)
                           Buffers: shared hit=6 read=57
                           ->  Bitmap Index Scan on part_p_container_p_brand_p_partkey_idx  (cost=0.00..288.79 rows=7909 width=0) (actual time=3.472..3.472 rows=8054 loops=1)
                                 Index Cond: ((p_container = ANY ('{"MED BAG","MED BOX","MED PKG","MED PACK"}'::bpchar[])) AND (p_brand = 'Brand#22'::bpchar))
                                 Buffers: shared hit=4 read=57
                           ->  Bitmap Index Scan on part_p_size_brin_idx  (cost=0.00..3979.67 rows=396767 width=0) (actual time=4.157..4.157 rows=405760 loops=1)
                                 Index Cond: ((p_size <= 10) AND (p_size >= 1))
                                 Buffers: shared hit=2
                     ->  BitmapAnd  (cost=6265.61..6265.61 rows=2441 width=0) (actual time=8.096..8.096 rows=0 loops=1)
                           Buffers: shared hit=7 read=55
                           ->  Bitmap Index Scan on part_p_container_p_brand_p_partkey_idx  (cost=0.00..291.63 rows=8193 width=0) (actual time=3.267..3.267 rows=8051 loops=1)
                                 Index Cond: ((p_container = ANY ('{"LG CASE","LG BOX","LG PACK","LG PKG"}'::bpchar[])) AND (p_brand = 'Brand#54'::bpchar))
                                 Buffers: shared hit=5 read=55
                           ->  Bitmap Index Scan on part_p_size_brin_idx  (cost=0.00..5971.33 rows=595933 width=0) (actual time=4.231..4.231 rows=405760 loops=1)
                                 Index Cond: ((p_size <= 15) AND (p_size >= 1))
                                 Buffers: shared hit=2
         ->  Bitmap Heap Scan on lineitem  (cost=4.74..122.69 rows=1 width=16) (actual time=0.389..0.419 rows=0 loops=4761)
               Recheck Cond: (l_partkey = part.p_partkey)
               Filter: ((l_shipmode = ANY ('{AIR,"AIR REG"}'::bpchar[])) AND (l_shipinstruct = 'DELIVER IN PERSON'::bpchar) AND (((l_quantity >= 1::double precision) AND (l_quantity <= 11::double precision)) OR ((l_quantity >= 13::double precision) AND (l_quantity <= 23::double precision)) OR ((l_quantity >= 22::double precision) AND (l_quantity <= 32::double precision))) AND (((part.p_brand = 'Brand#15'::bpchar) AND (part.p_container = ANY ('{"SM CASE","SM BOX","SM PACK","SM PKG"}'::bpchar[])) AND (l_quantity >= 1::double precision) AND (l_quantity <= 11::double precision) AND (part.p_size <= 5)) OR ((part.p_brand = 'Brand#22'::bpchar) AND (part.p_container = ANY ('{"MED BAG","MED BOX","MED PKG","MED PACK"}'::bpchar[])) AND (l_quantity >= 13::double precision) AND (l_quantity <= 23::double precision) AND (part.p_size <= 10)) OR ((part.p_brand = 'Brand#54'::bpchar) AND (part.p_container = ANY ('{"LG CASE","LG BOX","LG PACK","LG PKG"}'::bpchar[])) AND (l_quantity >= 22::double precision) AND (l_quantity <= 32::double precision) AND (part.p_size <= 15))))
               Rows Removed by Filter: 30
               Heap Blocks: exact=143197
               Buffers: shared hit=109959 read=52669 dirtied=127 written=1420
               ->  Bitmap Index Scan on lineitem_l_partkey_l_quantity_idx  (cost=0.00..4.74 rows=31 width=0) (actual time=0.039..0.039 rows=30 loops=4761)
                     Index Cond: (l_partkey = part.p_partkey)
                     Buffers: shared hit=14407 read=5024 written=135
 Planning time: 3.345 ms
 Execution time: 2139.304 ms
(46 rows)

COMMIT;
COMMIT
