BEGIN;
BEGIN
EXPLAIN (ANALYZE, BUFFERS)
select
	s_name,
	count(*) as numwait
from
	supplier,
	lineitem l1,
	orders,
	nation
where
	s_suppkey = l1.l_suppkey
	and o_orderkey = l1.l_orderkey
	and o_orderstatus = 'F'
	and l1.l_receiptdate > l1.l_commitdate
	and exists (
		select
			*
		from
			lineitem l2
		where
			l2.l_orderkey = l1.l_orderkey
			and l2.l_suppkey <> l1.l_suppkey
	)
	and not exists (
		select
			*
		from
			lineitem l3
		where
			l3.l_orderkey = l1.l_orderkey
			and l3.l_suppkey <> l1.l_suppkey
			and l3.l_receiptdate > l3.l_commitdate
	)
	and s_nationkey = n_nationkey
	and n_name = 'INDIA'
group by
	s_name
order by
	numwait desc,
	s_name
LIMIT 100;
                                                                                                  QUERY PLAN                                                                                                  
--------------------------------------------------------------------------------------------------------------------------------------------------------------------------------------------------------------
 Limit  (cost=2850477.55..2850477.55 rows=1 width=26) (actual time=40235.753..40235.771 rows=100 loops=1)
   Buffers: shared hit=13971008 read=669615
   ->  Sort  (cost=2850477.55..2850477.55 rows=1 width=26) (actual time=40235.751..40235.758 rows=100 loops=1)
         Sort Key: (count(*)), supplier.s_name
         Sort Method: top-N heapsort  Memory: 32kB
         Buffers: shared hit=13971008 read=669615
         ->  HashAggregate  (cost=2850477.53..2850477.54 rows=1 width=26) (actual time=40233.484..40234.568 rows=4079 loops=1)
               Group Key: supplier.s_name
               Buffers: shared hit=13971000 read=669615
               ->  Nested Loop Anti Join  (cost=2406.88..2850477.52 rows=1 width=26) (actual time=33.201..40181.658 rows=40444 loops=1)
                     Buffers: shared hit=13971000 read=669615
                     ->  Nested Loop Semi Join  (cost=2406.31..2850475.74 rows=1 width=34) (actual time=32.668..37317.619 rows=720672 loops=1)
                           Join Filter: (orders.o_orderkey = l2.l_orderkey)
                           Buffers: shared hit=10354091 read=667856
                           ->  Nested Loop  (cost=2405.75..2328608.04 rows=390585 width=38) (actual time=32.572..33267.542 rows=748141 loops=1)
                                 Buffers: shared hit=6622313 read=653374
                                 ->  Hash Join  (cost=2405.31..1906310.37 rows=802209 width=34) (actual time=32.430..25538.159 rows=1549072 loops=1)
                                       Hash Cond: (l1.l_suppkey = supplier.s_suppkey)
                                       Buffers: shared hit=481692 read=589098
                                       ->  Seq Scan on lineitem l1  (cost=0.00..1820675.88 rows=20055223 width=8) (actual time=0.017..19576.322 rows=37928885 loops=1)
                                             Filter: (l_receiptdate > l_commitdate)
                                             Rows Removed by Filter: 22056768
                                             Buffers: shared hit=479507 read=589098
                                       ->  Hash  (cost=2355.31..2355.31 rows=4000 width=30) (actual time=32.290..32.290 rows=4079 loops=1)
                                             Buckets: 4096  Batches: 1  Memory Usage: 287kB
                                             Buffers: shared hit=2182
                                             ->  Nested Loop  (cost=43.00..2355.31 rows=4000 width=30) (actual time=0.267..31.212 rows=4079 loops=1)
                                                   Buffers: shared hit=2182
                                                   ->  Seq Scan on nation  (cost=0.00..1.31 rows=1 width=4) (actual time=0.005..0.011 rows=1 loops=1)
                                                         Filter: (n_name = 'INDIA'::bpchar)
                                                         Rows Removed by Filter: 24
                                                         Buffers: shared hit=1
                                                   ->  Bitmap Heap Scan on supplier  (cost=43.00..2314.00 rows=4000 width=34) (actual time=0.254..30.477 rows=4079 loops=1)
                                                         Recheck Cond: (s_nationkey = nation.n_nationkey)
                                                         Rows Removed by Index Recheck: 95921
                                                         Heap Blocks: lossy=2179
                                                         Buffers: shared hit=2181
                                                         ->  Bitmap Index Scan on supplier_s_nationkey_s_suppkey_brin_idx  (cost=0.00..42.00 rows=4000 width=0) (actual time=0.238..0.238 rows=23040 loops=1)
                                                               Index Cond: (s_nationkey = nation.n_nationkey)
                                                               Buffers: shared hit=2
                                 ->  Index Scan using pk_orders on orders  (cost=0.43..0.52 rows=1 width=4) (actual time=0.004..0.004 rows=0 loops=1549072)
                                       Index Cond: (o_orderkey = l1.l_orderkey)
                                       Filter: (o_orderstatus = 'F'::bpchar)
                                       Rows Removed by Filter: 1
                                       Buffers: shared hit=6140621 read=64276
                           ->  Index Scan using pk_lineitem on lineitem l2  (cost=0.56..1.15 rows=15 width=8) (actual time=0.005..0.005 rows=1 loops=748141)
                                 Index Cond: (l_orderkey = l1.l_orderkey)
                                 Filter: (l_suppkey <> l1.l_suppkey)
                                 Rows Removed by Filter: 0
                                 Buffers: shared hit=3731778 read=14482
                     ->  Index Scan using pk_lineitem on lineitem l3  (cost=0.56..1.15 rows=5 width=8) (actual time=0.003..0.003 rows=1 loops=720672)
                           Index Cond: (l_orderkey = l1.l_orderkey)
                           Filter: ((l_receiptdate > l_commitdate) AND (l_suppkey <> l1.l_suppkey))
                           Rows Removed by Filter: 1
                           Buffers: shared hit=3616909 read=1759
 Planning time: 8.527 ms
 Execution time: 40236.051 ms
(57 rows)

COMMIT;
COMMIT
